<?xml version="1.0" encoding="UTF-8"?>
<!-- Generated by org.testng.reporters.JUnitXMLReporter -->
<testsuite ignored="0" hostname="DESKTOP-OMI40QV" failures="0" tests="4" name="Test" time="92.148" errors="0" timestamp="2023-11-29T18:08:21 IST">
  <testcase classname="script.ValidLogin_myschool" name="testValidLogin" time="3.525"/>
  <testcase classname="script.InvalidLogin_myschool" name="testInvalidLogin" time="0.923"/>
  <testcase classname="script.AddStudent" name="testAddStudent" time="37.476"/>
  <testcase classname="script.AddStudent" name="testAddStudent" time="37.154"/>
</testsuite> <!-- Test -->
